<?xml version="1.0" encoding="UTF-8" ?>
<testsuite tests="3" failures="1" name="test.java.NewTest" time="2.045" errors="0" skipped="2">
  <properties>
    <property name="java.runtime.name" value="Java(TM) SE Runtime Environment"/>
    <property name="sun.boot.library.path" value="/home/mgssbhg/jdk1.8.0_66/jre/lib/i386"/>
    <property name="java.vm.version" value="25.66-b17"/>
    <property name="java.vm.vendor" value="Oracle Corporation"/>
    <property name="maven.multiModuleProjectDirectory" value="/home/mgssbhg/workspace/OnlineStore"/>
    <property name="java.vendor.url" value="http://java.oracle.com/"/>
    <property name="path.separator" value=":"/>
    <property name="guice.disable.misplaced.annotation.check" value="true"/>
    <property name="java.vm.name" value="Java HotSpot(TM) Server VM"/>
    <property name="file.encoding.pkg" value="sun.io"/>
    <property name="user.country" value="US"/>
    <property name="sun.java.launcher" value="SUN_STANDARD"/>
    <property name="sun.os.patch.level" value="unknown"/>
    <property name="java.vm.specification.name" value="Java Virtual Machine Specification"/>
    <property name="user.dir" value="/home/mgssbhg/workspace/OnlineStore"/>
    <property name="java.runtime.version" value="1.8.0_66-b17"/>
    <property name="java.awt.graphicsenv" value="sun.awt.X11GraphicsEnvironment"/>
    <property name="java.endorsed.dirs" value="/home/mgssbhg/jdk1.8.0_66/jre/lib/endorsed"/>
    <property name="os.arch" value="i386"/>
    <property name="java.io.tmpdir" value="/tmp"/>
    <property name="line.separator" value="
"/>
    <property name="java.vm.specification.vendor" value="Oracle Corporation"/>
    <property name="os.name" value="Linux"/>
    <property name="classworlds.conf" value="/home/mgssbhg/workspace/.metadata/.plugins/org.eclipse.m2e.launching/launches/m2conf149278244437655689.tmp"/>
    <property name="sun.jnu.encoding" value="UTF-8"/>
    <property name="java.library.path" value="/home/mgssbhg/jdk1.8.0_66/jre/lib/i386/server:/home/mgssbhg/jdk1.8.0_66/jre/lib/i386:/home/mgssbhg/jdk1.8.0_66/jre/../lib/i386:/home/mgssbhg/jdk1.8.0_66/jre/lib/i386/client:/home/mgssbhg/jdk1.8.0_66/jre/lib/i386::/usr/java/packages/lib/i386:/lib:/usr/lib"/>
    <property name="java.specification.name" value="Java Platform API Specification"/>
    <property name="java.class.version" value="52.0"/>
    <property name="sun.management.compiler" value="HotSpot Tiered Compilers"/>
    <property name="os.version" value="3.16.0-38-generic"/>
    <property name="user.home" value="/home/mgssbhg"/>
    <property name="user.timezone" value="America/New_York"/>
    <property name="java.awt.printerjob" value="sun.print.PSPrinterJob"/>
    <property name="file.encoding" value="UTF-8"/>
    <property name="java.specification.version" value="1.8"/>
    <property name="user.name" value="mgssbhg"/>
    <property name="java.class.path" value="/home/mgssbhg/eclipse/plugins/org.eclipse.m2e.maven.runtime_1.6.2.20150902-0001/jars/plexus-classworlds-2.5.2.jar"/>
    <property name="java.vm.specification.version" value="1.8"/>
    <property name="sun.arch.data.model" value="32"/>
    <property name="java.home" value="/home/mgssbhg/jdk1.8.0_66/jre"/>
    <property name="sun.java.command" value="org.codehaus.plexus.classworlds.launcher.Launcher -B test"/>
    <property name="java.specification.vendor" value="Oracle Corporation"/>
    <property name="user.language" value="en"/>
    <property name="awt.toolkit" value="sun.awt.X11.XToolkit"/>
    <property name="java.vm.info" value="mixed mode"/>
    <property name="java.version" value="1.8.0_66"/>
    <property name="java.ext.dirs" value="/home/mgssbhg/jdk1.8.0_66/jre/lib/ext:/usr/java/packages/lib/ext"/>
    <property name="securerandom.source" value="file:/dev/./urandom"/>
    <property name="sun.boot.class.path" value="/home/mgssbhg/jdk1.8.0_66/jre/lib/resources.jar:/home/mgssbhg/jdk1.8.0_66/jre/lib/rt.jar:/home/mgssbhg/jdk1.8.0_66/jre/lib/sunrsasign.jar:/home/mgssbhg/jdk1.8.0_66/jre/lib/jsse.jar:/home/mgssbhg/jdk1.8.0_66/jre/lib/jce.jar:/home/mgssbhg/jdk1.8.0_66/jre/lib/charsets.jar:/home/mgssbhg/jdk1.8.0_66/jre/lib/jfr.jar:/home/mgssbhg/jdk1.8.0_66/jre/classes"/>
    <property name="java.vendor" value="Oracle Corporation"/>
    <property name="maven.home" value="/home/mgssbhg/workspace/OnlineStore/EMBEDDED"/>
    <property name="file.separator" value="/"/>
    <property name="java.vendor.url.bug" value="http://bugreport.sun.com/bugreport/"/>
    <property name="sun.cpu.endian" value="little"/>
    <property name="sun.io.unicode.encoding" value="UnicodeLittle"/>
    <property name="sun.desktop" value="gnome"/>
    <property name="sun.cpu.isalist" value=""/>
  </properties>
  <testcase classname="test.java.NewTest" name="beforeMethod" time="2.027">
    <failure message="D:/ToolsQA Projects/trunk/OnlineStore/src/testData/TestData.xls (No such file or directory)" type="java.io.FileNotFoundException">java.io.FileNotFoundException: D:/ToolsQA Projects/trunk/OnlineStore/src/testData/TestData.xls (No such file or directory)
	at java.io.FileInputStream.open0(Native Method)
	at java.io.FileInputStream.open(FileInputStream.java:195)
	at java.io.FileInputStream.&lt;init&gt;(FileInputStream.java:138)
	at java.io.FileInputStream.&lt;init&gt;(FileInputStream.java:93)
	at utility.ExcelUtils.setExcelFile(ExcelUtils.java:19)
	at test.java.NewTest.beforeMethod(NewTest.java:47)
</failure>
    <system-out>Configuring TestNG with: org.apache.maven.surefire.testng.conf.TestNG652Configurator@10e2030
</system-out>
  </testcase>
  <testcase classname="test.java.NewTest" name="main" time="0.007">
    <skipped/>
  </testcase>
  <testcase classname="test.java.NewTest" name="afterMethod" time="0.011">
    <skipped/>
  </testcase>
</testsuite>